0 info it worked if it ends with ok
1 verbose cli [ '/Users/nataliehuitson/.nvm/versions/node/v6.3.1/bin/node',
1 verbose cli   '/Users/nataliehuitson/.nvm/versions/node/v6.3.1/bin/npm',
1 verbose cli   'i',
1 verbose cli   '-g',
1 verbose cli   'webpack',
1 verbose cli   'webpack-dev-serve' ]
2 info using npm@3.10.3
3 info using node@v6.3.1
4 silly loadCurrentTree Starting
5 silly install loadCurrentTree
6 silly install readGlobalPackageData
7 silly fetchPackageMetaData webpack
8 silly fetchPackageMetaData webpack-dev-serve
9 silly fetchNamedPackageData webpack
10 silly mapToRegistry name webpack
11 silly mapToRegistry using default registry
12 silly mapToRegistry registry https://registry.npmjs.org/
13 silly mapToRegistry data Result {
13 silly mapToRegistry   raw: 'webpack',
13 silly mapToRegistry   scope: null,
13 silly mapToRegistry   escapedName: 'webpack',
13 silly mapToRegistry   name: 'webpack',
13 silly mapToRegistry   rawSpec: '',
13 silly mapToRegistry   spec: 'latest',
13 silly mapToRegistry   type: 'tag' }
14 silly mapToRegistry uri https://registry.npmjs.org/webpack
15 silly fetchNamedPackageData webpack-dev-serve
16 silly mapToRegistry name webpack-dev-serve
17 silly mapToRegistry using default registry
18 silly mapToRegistry registry https://registry.npmjs.org/
19 silly mapToRegistry data Result {
19 silly mapToRegistry   raw: 'webpack-dev-serve',
19 silly mapToRegistry   scope: null,
19 silly mapToRegistry   escapedName: 'webpack-dev-serve',
19 silly mapToRegistry   name: 'webpack-dev-serve',
19 silly mapToRegistry   rawSpec: '',
19 silly mapToRegistry   spec: 'latest',
19 silly mapToRegistry   type: 'tag' }
20 silly mapToRegistry uri https://registry.npmjs.org/webpack-dev-serve
21 verbose request uri https://registry.npmjs.org/webpack-dev-serve
22 verbose request no auth needed
23 info attempt registry request try #1 at 3:26:08 PM
24 verbose request id 9fd27f0b025b7e2e
25 http request GET https://registry.npmjs.org/webpack-dev-serve
26 verbose request uri https://registry.npmjs.org/webpack
27 verbose request no auth needed
28 info attempt registry request try #1 at 3:26:09 PM
29 verbose etag W/"5915080c-ef7f8"
30 verbose lastModified Fri, 12 May 2017 00:55:40 GMT
31 http request GET https://registry.npmjs.org/webpack
32 http 304 https://registry.npmjs.org/webpack
33 verbose headers { date: 'Fri, 12 May 2017 14:26:09 GMT',
33 verbose headers   via: '1.1 varnish',
33 verbose headers   'cache-control': 'max-age=300',
33 verbose headers   etag: 'W/"5915080c-ef7f8"',
33 verbose headers   age: '297',
33 verbose headers   connection: 'keep-alive',
33 verbose headers   'x-served-by': 'cache-lhr6346-LHR',
33 verbose headers   'x-cache': 'HIT',
33 verbose headers   'x-cache-hits': '10',
33 verbose headers   'x-timer': 'S1494599170.987897,VS0,VE0',
33 verbose headers   vary: 'Accept-Encoding' }
34 silly get cb [ 304,
34 silly get   { date: 'Fri, 12 May 2017 14:26:09 GMT',
34 silly get     via: '1.1 varnish',
34 silly get     'cache-control': 'max-age=300',
34 silly get     etag: 'W/"5915080c-ef7f8"',
34 silly get     age: '297',
34 silly get     connection: 'keep-alive',
34 silly get     'x-served-by': 'cache-lhr6346-LHR',
34 silly get     'x-cache': 'HIT',
34 silly get     'x-cache-hits': '10',
34 silly get     'x-timer': 'S1494599170.987897,VS0,VE0',
34 silly get     vary: 'Accept-Encoding' } ]
35 verbose etag https://registry.npmjs.org/webpack from cache
36 verbose get saving webpack to /Users/nataliehuitson/.npm/registry.npmjs.org/webpack/.cache.json
37 verbose correctMkdir /Users/nataliehuitson/.npm correctMkdir not in flight; initializing
38 http 404 https://registry.npmjs.org/webpack-dev-serve
39 verbose headers { 'content-type': 'application/json',
39 verbose headers   'cache-control': 'max-age=0',
39 verbose headers   'content-length': '2',
39 verbose headers   'accept-ranges': 'bytes',
39 verbose headers   date: 'Fri, 12 May 2017 14:26:10 GMT',
39 verbose headers   via: '1.1 varnish',
39 verbose headers   age: '0',
39 verbose headers   connection: 'keep-alive',
39 verbose headers   'x-served-by': 'cache-lhr6338-LHR',
39 verbose headers   'x-cache': 'MISS',
39 verbose headers   'x-cache-hits': '0',
39 verbose headers   'x-timer': 'S1494599170.990551,VS0,VE334',
39 verbose headers   vary: 'Accept-Encoding' }
40 silly get cb [ 404,
40 silly get   { 'content-type': 'application/json',
40 silly get     'cache-control': 'max-age=0',
40 silly get     'content-length': '2',
40 silly get     'accept-ranges': 'bytes',
40 silly get     date: 'Fri, 12 May 2017 14:26:10 GMT',
40 silly get     via: '1.1 varnish',
40 silly get     age: '0',
40 silly get     connection: 'keep-alive',
40 silly get     'x-served-by': 'cache-lhr6338-LHR',
40 silly get     'x-cache': 'MISS',
40 silly get     'x-cache-hits': '0',
40 silly get     'x-timer': 'S1494599170.990551,VS0,VE334',
40 silly get     vary: 'Accept-Encoding' } ]
41 silly fetchPackageMetaData Error: Registry returned 404 for GET on https://registry.npmjs.org/webpack-dev-serve
41 silly fetchPackageMetaData     at makeError (/Users/nataliehuitson/.nvm/versions/node/v6.3.1/lib/node_modules/npm/node_modules/npm-registry-client/lib/request.js:264:12)
41 silly fetchPackageMetaData     at CachingRegistryClient.<anonymous> (/Users/nataliehuitson/.nvm/versions/node/v6.3.1/lib/node_modules/npm/node_modules/npm-registry-client/lib/request.js:242:14)
41 silly fetchPackageMetaData     at Request._callback (/Users/nataliehuitson/.nvm/versions/node/v6.3.1/lib/node_modules/npm/node_modules/npm-registry-client/lib/request.js:172:14)
41 silly fetchPackageMetaData     at Request.self.callback (/Users/nataliehuitson/.nvm/versions/node/v6.3.1/lib/node_modules/npm/node_modules/request/request.js:200:22)
41 silly fetchPackageMetaData     at emitTwo (events.js:106:13)
41 silly fetchPackageMetaData     at Request.emit (events.js:191:7)
41 silly fetchPackageMetaData     at Request.<anonymous> (/Users/nataliehuitson/.nvm/versions/node/v6.3.1/lib/node_modules/npm/node_modules/request/request.js:1067:10)
41 silly fetchPackageMetaData     at emitOne (events.js:101:20)
41 silly fetchPackageMetaData     at Request.emit (events.js:188:7)
41 silly fetchPackageMetaData     at IncomingMessage.<anonymous> (/Users/nataliehuitson/.nvm/versions/node/v6.3.1/lib/node_modules/npm/node_modules/request/request.js:988:12)
41 silly fetchPackageMetaData  error for webpack-dev-serve { Error: Registry returned 404 for GET on https://registry.npmjs.org/webpack-dev-serve
41 silly fetchPackageMetaData     at makeError (/Users/nataliehuitson/.nvm/versions/node/v6.3.1/lib/node_modules/npm/node_modules/npm-registry-client/lib/request.js:264:12)
41 silly fetchPackageMetaData     at CachingRegistryClient.<anonymous> (/Users/nataliehuitson/.nvm/versions/node/v6.3.1/lib/node_modules/npm/node_modules/npm-registry-client/lib/request.js:242:14)
41 silly fetchPackageMetaData     at Request._callback (/Users/nataliehuitson/.nvm/versions/node/v6.3.1/lib/node_modules/npm/node_modules/npm-registry-client/lib/request.js:172:14)
41 silly fetchPackageMetaData     at Request.self.callback (/Users/nataliehuitson/.nvm/versions/node/v6.3.1/lib/node_modules/npm/node_modules/request/request.js:200:22)
41 silly fetchPackageMetaData     at emitTwo (events.js:106:13)
41 silly fetchPackageMetaData     at Request.emit (events.js:191:7)
41 silly fetchPackageMetaData     at Request.<anonymous> (/Users/nataliehuitson/.nvm/versions/node/v6.3.1/lib/node_modules/npm/node_modules/request/request.js:1067:10)
41 silly fetchPackageMetaData     at emitOne (events.js:101:20)
41 silly fetchPackageMetaData     at Request.emit (events.js:188:7)
41 silly fetchPackageMetaData     at IncomingMessage.<anonymous> (/Users/nataliehuitson/.nvm/versions/node/v6.3.1/lib/node_modules/npm/node_modules/request/request.js:988:12) pkgid: 'webpack-dev-serve', statusCode: 404, code: 'E404' }
42 silly rollbackFailedOptional Starting
43 silly rollbackFailedOptional Finishing
44 silly runTopLevelLifecycles Starting
45 silly runTopLevelLifecycles Finishing
46 silly install printInstalled
47 verbose stack Error: Registry returned 404 for GET on https://registry.npmjs.org/webpack-dev-serve
47 verbose stack     at makeError (/Users/nataliehuitson/.nvm/versions/node/v6.3.1/lib/node_modules/npm/node_modules/npm-registry-client/lib/request.js:264:12)
47 verbose stack     at CachingRegistryClient.<anonymous> (/Users/nataliehuitson/.nvm/versions/node/v6.3.1/lib/node_modules/npm/node_modules/npm-registry-client/lib/request.js:242:14)
47 verbose stack     at Request._callback (/Users/nataliehuitson/.nvm/versions/node/v6.3.1/lib/node_modules/npm/node_modules/npm-registry-client/lib/request.js:172:14)
47 verbose stack     at Request.self.callback (/Users/nataliehuitson/.nvm/versions/node/v6.3.1/lib/node_modules/npm/node_modules/request/request.js:200:22)
47 verbose stack     at emitTwo (events.js:106:13)
47 verbose stack     at Request.emit (events.js:191:7)
47 verbose stack     at Request.<anonymous> (/Users/nataliehuitson/.nvm/versions/node/v6.3.1/lib/node_modules/npm/node_modules/request/request.js:1067:10)
47 verbose stack     at emitOne (events.js:101:20)
47 verbose stack     at Request.emit (events.js:188:7)
47 verbose stack     at IncomingMessage.<anonymous> (/Users/nataliehuitson/.nvm/versions/node/v6.3.1/lib/node_modules/npm/node_modules/request/request.js:988:12)
48 verbose statusCode 404
49 verbose pkgid webpack-dev-serve
50 verbose cwd /Users/nataliehuitson/development/pracrice-ga/reactJS
51 error Darwin 16.4.0
52 error argv "/Users/nataliehuitson/.nvm/versions/node/v6.3.1/bin/node" "/Users/nataliehuitson/.nvm/versions/node/v6.3.1/bin/npm" "i" "-g" "webpack" "webpack-dev-serve"
53 error node v6.3.1
54 error npm  v3.10.3
55 error code E404
56 error 404 Registry returned 404 for GET on https://registry.npmjs.org/webpack-dev-serve
57 error 404
58 error 404 'webpack-dev-serve' is not in the npm registry.
59 error 404 You should bug the author to publish it (or use the name yourself!)
60 error 404 Note that you can also install from a
61 error 404 tarball, folder, http url, or git url.
62 verbose exit [ 1, true ]
